<?xml version="1.0" encoding="utf-8"?><testsuites name="pytest tests"><testsuite name="pytest" errors="0" failures="2" skipped="0" tests="11" time="12.091" timestamp="2026-08-27T04:18:59.829352+00:00" hostname="agent-env-4aaa8cc6-f7b1-4275-ad30-5a535823c6a6"><testcase classname="tests.test_dm_flow.TestDMBasic" name="test_self_dm_guarded" time="2.696" /><testcase classname="tests.test_dm_flow.TestDMBasic" name="test_invalid_object_id_returns_400" time="0.159" /><testcase classname="tests.test_dm_flow.TestDMBasic" name="test_nonexistent_valid_oid_returns_404" time="0.172" /><testcase classname="tests.test_dm_flow.TestDMBasic" name="test_read_on_nonexistent_convo_is_idempotent" time="0.123" /><testcase classname="tests.test_dm_flow.TestDMBasic" name="test_send_message_creates_convo_lazily" time="1.021" /><testcase classname="tests.test_dm_flow.TestDMBasic" name="test_inbox_ordering_and_shape" time="0.998"><failure message="AssertionError: mika-&gt;sam: 500 Internal Server Error&#10;assert 500 == 200&#10; +  where 500 = &lt;Response [500]&gt;.status_code">tests/test_dm_flow.py:129: in test_inbox_ordering_and_shape
    assert r1.status_code == 200, f"mika-&gt;sam: {r1.status_code} {r1.text}"
E   AssertionError: mika-&gt;sam: 500 Internal Server Error
E   assert 500 == 200
E    +  where 500 = &lt;Response [500]&gt;.status_code</failure></testcase><testcase classname="tests.test_dm_flow.TestDMBasic" name="test_unread_math_and_read" time="1.523" /><testcase classname="tests.test_dm_flow.TestDMBasic" name="test_get_convo_returns_ordered_messages" time="1.191" /><testcase classname="tests.test_dm_flow.TestDMBlocking" name="test_block_hides_convo_and_forbids_send" time="1.312" /><testcase classname="tests.test_dm_flow.TestDMWebSocket" name="test_dm_message_broadcast_and_focus_flow" time="1.821" /><testcase classname="tests.test_dm_flow.TestDMAccountDeletion" name="test_delete_account_removes_dms" time="0.678"><failure message="AssertionError: could not find newly registered user TEST_dm_del_48dd3af4@glcc.club&#10;assert None is not None">tests/test_dm_flow.py:339: in test_delete_account_removes_dms
    assert target is not None, f"could not find newly registered user {email}"
E   AssertionError: could not find newly registered user TEST_dm_del_48dd3af4@glcc.club
E   assert None is not None</failure></testcase></testsuite></testsuites>