<?xml version="1.0" encoding="utf-8"?><testsuites name="pytest tests"><testsuite name="pytest" errors="0" failures="0" skipped="0" tests="6" time="4.038" timestamp="2026-08-20T03:41:18.388984+00:00" hostname="agent-env-4aaa8cc6-f7b1-4275-ad30-5a535823c6a6"><testcase classname="backend.tests.test_coffee_flow" name="test_jb_saved_coffee_is_long_black" time="1.068" /><testcase classname="backend.tests.test_coffee_flow" name="test_rides_list_has_strava_weekday_with_brunchery" time="0.250" /><testcase classname="backend.tests.test_coffee_flow" name="test_order_my_coffee_uses_saved_coffee_long_black" time="0.687" /><testcase classname="backend.tests.test_coffee_flow" name="test_order_my_coffee_reflects_saved_coffee_change" time="0.676" /><testcase classname="backend.tests.test_coffee_flow" name="test_modal_selected_coffee_overrides_saved" time="0.177" /><testcase classname="backend.tests.test_coffee_flow" name="test_round_broadcast_to_second_user" time="0.798" /></testsuite></testsuites>