<?xml version="1.0" encoding="utf-8"?><testsuites name="pytest tests"><testsuite name="pytest" errors="0" failures="0" skipped="0" tests="3" time="3.692" timestamp="2026-08-20T03:43:28.662532+00:00" hostname="agent-env-4aaa8cc6-f7b1-4275-ad30-5a535823c6a6"><testcase classname="backend.tests.test_ws_and_regression" name="test_rides_only_future_and_no_null_crash" time="0.729" /><testcase classname="backend.tests.test_ws_and_regression" name="test_ws_coffee_round_broadcast" time="1.816" /><testcase classname="backend.tests.test_ws_and_regression" name="test_auth_me_returns_profile" time="0.676" /></testsuite></testsuites>