<?xml version="1.0" encoding="utf-8"?><testsuites name="pytest tests"><testsuite name="pytest" errors="0" failures="0" skipped="0" tests="10" time="3.230" timestamp="2026-08-22T21:59:18.403735+00:00" hostname="agent-env-4aaa8cc6-f7b1-4275-ad30-5a535823c6a6"><testcase classname="backend.tests.test_iteration_13.TestElPrezProfile" name="test_me_has_bio_and_member_since" time="0.684" /><testcase classname="backend.tests.test_iteration_13.TestMemberSinceUpdate" name="test_valid_date" time="0.326" /><testcase classname="backend.tests.test_iteration_13.TestMemberSinceUpdate" name="test_invalid_date_400" time="0.144" /><testcase classname="backend.tests.test_iteration_13.TestMechanicalReturn" name="test_returns_id_and_maps_link_and_visible_in_list" time="0.812" /><testcase classname="backend.tests.test_iteration_13.TestWebPushRegression" name="test_vapid_key" time="0.129" /><testcase classname="backend.tests.test_iteration_13.TestWebPushRegression" name="test_subscribe_and_unsubscribe" time="0.292" /><testcase classname="backend.tests.test_iteration_13.TestAnnouncementGating" name="test_jb_announcement_true" time="0.136" /><testcase classname="backend.tests.test_iteration_13.TestAnnouncementGating" name="test_leo_announcement_forced_false" time="0.231" /><testcase classname="backend.tests.test_iteration_13.TestCafeSuggest" name="test_airport_loop_rule" time="0.130" /><testcase classname="backend.tests.test_iteration_13.TestCafeSuggest" name="test_jailbreak_rule" time="0.200" /></testsuite></testsuites>