<?xml version="1.0" encoding="utf-8"?><testsuites name="pytest tests"><testsuite name="pytest" errors="0" failures="0" skipped="1" tests="7" time="5.349" timestamp="2026-08-27T22:54:52.605001+00:00" hostname="agent-env-4aaa8cc6-f7b1-4275-ad30-5a535823c6a6"><testcase classname="backend.tests.test_iteration_19_header_prefs" name="test_get_rides" time="0.968" /><testcase classname="backend.tests.test_iteration_19_header_prefs" name="test_get_riders" time="0.226" /><testcase classname="backend.tests.test_iteration_19_header_prefs" name="test_get_dm_conversations" time="0.163" /><testcase classname="backend.tests.test_iteration_19_header_prefs" name="test_notification_prefs_toggle" time="0.445" /><testcase classname="backend.tests.test_iteration_19_header_prefs" name="test_notifications_feed_and_clear" time="0.566" /><testcase classname="backend.tests.test_iteration_19_header_prefs" name="test_dm_send_and_delete" time="1.642" /><testcase classname="backend.tests.test_iteration_19_header_prefs" name="test_dm_delete_non_participant_forbidden" time="1.006"><skipped type="pytest.skip" message="sam not found in /riders">/app/backend/tests/test_iteration_19_header_prefs.py:140: sam not found in /riders</skipped></testcase></testsuite></testsuites>