<?xml version="1.0" encoding="utf-8"?><testsuites name="pytest tests"><testsuite name="pytest" errors="0" failures="0" skipped="0" tests="17" time="6.063" timestamp="2026-08-20T04:56:19.566592+00:00" hostname="agent-env-4aaa8cc6-f7b1-4275-ad30-5a535823c6a6"><testcase classname="backend.tests.test_pending_user_guards.TestPendingCanRead" name="test_auth_me" time="0.893" /><testcase classname="backend.tests.test_pending_user_guards.TestPendingCanRead" name="test_get_rides" time="0.182" /><testcase classname="backend.tests.test_pending_user_guards.TestPendingCanRead" name="test_get_riders" time="0.183" /><testcase classname="backend.tests.test_pending_user_guards.TestPendingCanRead" name="test_get_coffee_rounds" time="0.312" /><testcase classname="backend.tests.test_pending_user_guards.TestPendingCanRead" name="test_get_chat_messages" time="0.170" /><testcase classname="backend.tests.test_pending_user_guards.TestPendingBlockedFromWrites" name="test_coffee_post_403" time="0.175" /><testcase classname="backend.tests.test_pending_user_guards.TestPendingBlockedFromWrites" name="test_chat_post_403" time="0.196" /><testcase classname="backend.tests.test_pending_user_guards.TestPendingBlockedFromWrites" name="test_rsvp_403" time="0.818" /><testcase classname="backend.tests.test_pending_user_guards.TestPendingBlockedFromWrites" name="test_patch_me_403" time="0.154" /><testcase classname="backend.tests.test_pending_user_guards.TestAdminWrites" name="test_admin_can_post_coffee" time="0.152" /><testcase classname="backend.tests.test_pending_user_guards.TestAdminWrites" name="test_admin_can_post_chat" time="0.202" /><testcase classname="backend.tests.test_pending_user_guards.TestAdminWrites" name="test_admin_can_rsvp" time="0.357" /><testcase classname="backend.tests.test_pending_user_guards.TestApprovedMember" name="test_member_not_admin" time="0.503" /><testcase classname="backend.tests.test_pending_user_guards.TestApprovedMember" name="test_member_can_post_coffee" time="0.222" /><testcase classname="backend.tests.test_pending_user_guards.TestApprovedMember" name="test_member_can_post_chat" time="0.218" /><testcase classname="backend.tests.test_pending_user_guards.TestApprovedMember" name="test_member_sees_no_pending_list" time="0.228" /><testcase classname="backend.tests.test_pending_user_guards.TestApprovalFlow" name="test_admin_approves_pending_then_pending_can_post" time="0.937" /></testsuite></testsuites>