<?xml version="1.0" encoding="utf-8"?><testsuites name="pytest tests"><testsuite name="pytest" errors="0" failures="0" skipped="0" tests="4" time="4.376" timestamp="2026-08-22T23:45:45.266736+00:00" hostname="agent-env-4aaa8cc6-f7b1-4275-ad30-5a535823c6a6"><testcase classname="backend.tests.test_mechanical_resolve.TestResolveMechanical" name="test_reporter_can_resolve_fixed" time="1.661" /><testcase classname="backend.tests.test_mechanical_resolve.TestResolveMechanical" name="test_non_reporter_non_admin_cannot_resolve" time="1.177" /><testcase classname="backend.tests.test_mechanical_resolve.TestResolveMechanical" name="test_admin_can_resolve_carry_on_attrib_to_reporter" time="1.054" /><testcase classname="backend.tests.test_mechanical_resolve.TestResolveMechanical" name="test_invalid_message_id" time="0.217" /></testsuite></testsuites>