<?xml version="1.0" encoding="utf-8"?><testsuites name="pytest tests"><testsuite name="pytest" errors="0" failures="0" skipped="0" tests="4" time="3.026" timestamp="2026-08-21T01:20:36.710365+00:00" hostname="agent-env-4aaa8cc6-f7b1-4275-ad30-5a535823c6a6"><testcase classname="backend.tests.backend_test.TestSelfEditRestriction" name="test_patch_riders_me_only_updates_name_and_coffee" time="1.126" /><testcase classname="backend.tests.backend_test.TestForgotPasswordRateLimit" name="test_rate_limit_three_then_429" time="1.180" /><testcase classname="backend.tests.backend_test.TestRideRemindersTrigger" name="test_trigger_returns_expected_keys_no_op" time="0.214" /><testcase classname="backend.tests.backend_test.TestRideRemindersTrigger" name="test_trigger_with_seeded_ride" time="0.224" /></testsuite></testsuites>