<?xml version="1.0" encoding="utf-8"?><testsuites name="pytest tests"><testsuite name="pytest" errors="0" failures="0" skipped="0" tests="7" time="6.016" timestamp="2026-08-23T00:33:13.824527+00:00" hostname="agent-env-4aaa8cc6-f7b1-4275-ad30-5a535823c6a6"><testcase classname="tests.test_mechanical_resolve.TestResolveMechanical" name="test_reporter_can_resolve_fixed" time="1.239" /><testcase classname="tests.test_mechanical_resolve.TestResolveMechanical" name="test_non_reporter_non_admin_cannot_resolve" time="0.945" /><testcase classname="tests.test_mechanical_resolve.TestResolveMechanical" name="test_admin_can_resolve_carry_on_attrib_to_reporter" time="0.804" /><testcase classname="tests.test_mechanical_resolve.TestResolveMechanical" name="test_invalid_message_id" time="0.135" /><testcase classname="tests.test_mechanical_resolve_push" name="test_resolve_triggers_push_fixed" time="0.473" /><testcase classname="tests.test_mechanical_resolve_push" name="test_resolve_triggers_push_carry_on" time="0.484" /><testcase classname="tests.test_mechanical_resolve_push" name="test_create_mechanical_push_signature_with_location" time="0.447" /></testsuite></testsuites>