<?xml version="1.0" encoding="utf-8"?><testsuites name="pytest tests"><testsuite name="pytest" errors="0" failures="0" skipped="0" tests="15" time="41.051" timestamp="2026-08-19T23:53:51.323949+00:00" hostname="agent-env-4aaa8cc6-f7b1-4275-ad30-5a535823c6a6"><testcase classname="backend.tests.test_push_and_mentions.TestAuthSmoke" name="test_login_jb" time="0.869" /><testcase classname="backend.tests.test_push_and_mentions.TestAuthSmoke" name="test_me" time="1.135" /><testcase classname="backend.tests.test_push_and_mentions.TestPushEndpoints" name="test_no_auth_guards" time="0.753" /><testcase classname="backend.tests.test_push_and_mentions.TestPushEndpoints" name="test_invalid_token_format" time="1.408" /><testcase classname="backend.tests.test_push_and_mentions.TestPushEndpoints" name="test_invalid_platform" time="0.873" /><testcase classname="backend.tests.test_push_and_mentions.TestPushEndpoints" name="test_register_happy_and_idempotent_and_test_and_cleanup" time="3.985" /><testcase classname="backend.tests.test_push_and_mentions.TestPushEndpoints" name="test_unregister_removes_token" time="1.810" /><testcase classname="backend.tests.test_push_and_mentions.TestChatMentions" name="test_mention_targets_aroha_only" time="7.271" /><testcase classname="backend.tests.test_push_and_mentions.TestChatMentions" name="test_self_mention_noop" time="3.957" /><testcase classname="backend.tests.test_push_and_mentions.TestChatMentions" name="test_unknown_mention_noop" time="6.508" /><testcase classname="backend.tests.test_push_and_mentions.TestCoffeeRoundBroadcast" name="test_coffee_round_broadcasts_to_all" time="7.410" /><testcase classname="backend.tests.test_push_and_mentions.TestRegression" name="test_rides_list" time="1.049" /><testcase classname="backend.tests.test_push_and_mentions.TestRegression" name="test_rsvp_persists" time="1.213" /><testcase classname="backend.tests.test_push_and_mentions.TestRegression" name="test_riders_list" time="1.049" /><testcase classname="backend.tests.test_push_and_mentions.TestRegression" name="test_chat_persist" time="1.420" /></testsuite></testsuites>