<?xml version="1.0" encoding="utf-8"?><testsuites name="pytest tests"><testsuite name="pytest" errors="0" failures="1" skipped="0" tests="16" time="10.349" timestamp="2026-08-24T22:06:43.613736+00:00" hostname="agent-env-4aaa8cc6-f7b1-4275-ad30-5a535823c6a6"><testcase classname="backend.tests.test_ride_rounds" name="test_patch_riders_me_persists_coffee" time="1.738"><failure message="KeyError: 'coffee'">backend/tests/test_ride_rounds.py:125: in test_patch_riders_me_persists_coffee
    assert me["coffee"] == "Long black extra shot"
           ^^^^^^^^^^^^
E   KeyError: 'coffee'</failure></testcase><testcase classname="backend.tests.test_ride_rounds" name="test_start_round_invalid_ride_id" time="0.215" /><testcase classname="backend.tests.test_ride_rounds" name="test_start_round_missing_ride" time="0.218" /><testcase classname="backend.tests.test_ride_rounds" name="test_start_round_success" time="1.224" /><testcase classname="backend.tests.test_ride_rounds" name="test_start_round_conflict_when_open" time="0.250" /><testcase classname="backend.tests.test_ride_rounds" name="test_get_round_returns_active" time="0.228" /><testcase classname="backend.tests.test_ride_rounds" name="test_submit_order_upsert" time="1.159" /><testcase classname="backend.tests.test_ride_rounds" name="test_submit_order_replaces_not_duplicates" time="0.377" /><testcase classname="backend.tests.test_ride_rounds" name="test_retract_order" time="0.237" /><testcase classname="backend.tests.test_ride_rounds" name="test_non_buyer_non_admin_cannot_close" time="0.211" /><testcase classname="backend.tests.test_ride_rounds" name="test_active_rounds_endpoint" time="0.384" /><testcase classname="backend.tests.test_ride_rounds" name="test_buyer_can_close" time="0.328" /><testcase classname="backend.tests.test_ride_rounds" name="test_get_round_returns_recent_closed" time="0.393" /><testcase classname="backend.tests.test_ride_rounds" name="test_history_endpoint_includes_closed" time="0.212" /><testcase classname="backend.tests.test_ride_rounds" name="test_close_at_auto_close" time="0.938" /><testcase classname="backend.tests.test_ride_rounds" name="test_admin_can_close_others_round" time="0.987" /></testsuite></testsuites>