<?xml version="1.0" encoding="utf-8"?><testsuites name="pytest tests"><testsuite name="pytest" errors="0" failures="0" skipped="0" tests="2" time="5.110" timestamp="2026-08-20T22:50:40.513255+00:00" hostname="agent-env-4aaa8cc6-f7b1-4275-ad30-5a535823c6a6"><testcase classname="backend.tests.test_strava_connect" name="test_strava_connect_returns_200_with_url" time="2.051" /><testcase classname="backend.tests.test_strava_connect" name="test_public_app_url_fallback_in_subprocess" time="2.594" /></testsuite></testsuites>