<?xml version="1.0" encoding="utf-8"?><testsuites name="pytest tests"><testsuite name="pytest" errors="0" failures="0" skipped="0" tests="4" time="2.451" timestamp="2026-08-20T22:03:35.866701+00:00" hostname="agent-env-4aaa8cc6-f7b1-4275-ad30-5a535823c6a6"><testcase classname="backend.tests.test_strava_reconnect" name="test_strava_status_returns_needs_reconnect" time="1.274" /><testcase classname="backend.tests.test_strava_reconnect" name="test_strava_sync_returns_401_reconnect" time="0.314" /><testcase classname="backend.tests.test_strava_reconnect" name="test_status_reflects_last_refresh_error_immediately" time="0.243" /><testcase classname="backend.tests.test_strava_reconnect" name="test_strava_connect_returns_oauth_url" time="0.339" /></testsuite></testsuites>