<?xml version="1.0" encoding="utf-8"?><testsuites name="pytest tests"><testsuite name="pytest" errors="0" failures="0" skipped="0" tests="10" time="7.490" timestamp="2026-08-22T20:10:07.197601+00:00" hostname="agent-env-4aaa8cc6-f7b1-4275-ad30-5a535823c6a6"><testcase classname="backend.tests.test_webpush_and_announcements.TestVapidKey" name="test_unauthenticated_vapid_key" time="0.395" /><testcase classname="backend.tests.test_webpush_and_announcements.TestServiceWorker" name="test_sw_served_as_js" time="0.265" /><testcase classname="backend.tests.test_webpush_and_announcements.TestWebPushSubscribeAndPushTest" name="test_full_flow" time="2.812" /><testcase classname="backend.tests.test_webpush_and_announcements.TestWebPushSubscribeAndPushTest" name="test_subscribe_requires_auth" time="0.206" /><testcase classname="backend.tests.test_webpush_and_announcements.TestWebPushSubscribeAndPushTest" name="test_push_test_no_devices_returns_ok_false" time="0.844" /><testcase classname="backend.tests.test_webpush_and_announcements.TestAnnouncementGating" name="test_president_can_announce" time="0.188" /><testcase classname="backend.tests.test_webpush_and_announcements.TestAnnouncementGating" name="test_non_president_announcement_stripped" time="0.235" /><testcase classname="backend.tests.test_webpush_and_announcements.TestMechanical" name="test_with_location_universal_maps_url" time="0.204" /><testcase classname="backend.tests.test_webpush_and_announcements.TestMechanical" name="test_without_location" time="0.268" /><testcase classname="backend.tests.test_webpush_and_announcements.TestOneHourReminderHelper" name="test_helper_returns_counts" time="1.751" /></testsuite></testsuites>