<?xml version="1.0" encoding="utf-8"?><testsuites name="pytest tests"><testsuite name="pytest" errors="0" failures="0" skipped="0" tests="10" time="4.876" timestamp="2026-08-22T05:00:44.514109+00:00" hostname="agent-env-4aaa8cc6-f7b1-4275-ad30-5a535823c6a6"><testcase classname="backend.tests.test_webpush_and_announcements.TestVapidKey" name="test_unauthenticated_vapid_key" time="0.259" /><testcase classname="backend.tests.test_webpush_and_announcements.TestServiceWorker" name="test_sw_served_as_js" time="0.205" /><testcase classname="backend.tests.test_webpush_and_announcements.TestWebPushSubscribeAndPushTest" name="test_full_flow" time="1.380" /><testcase classname="backend.tests.test_webpush_and_announcements.TestWebPushSubscribeAndPushTest" name="test_subscribe_requires_auth" time="0.182" /><testcase classname="backend.tests.test_webpush_and_announcements.TestWebPushSubscribeAndPushTest" name="test_push_test_no_devices_returns_ok_false" time="0.746" /><testcase classname="backend.tests.test_webpush_and_announcements.TestAnnouncementGating" name="test_president_can_announce" time="0.164" /><testcase classname="backend.tests.test_webpush_and_announcements.TestAnnouncementGating" name="test_non_president_announcement_stripped" time="0.194" /><testcase classname="backend.tests.test_webpush_and_announcements.TestMechanical" name="test_with_location" time="0.163" /><testcase classname="backend.tests.test_webpush_and_announcements.TestMechanical" name="test_without_location" time="0.145" /><testcase classname="backend.tests.test_webpush_and_announcements.TestOneHourReminderHelper" name="test_helper_returns_counts" time="1.209" /></testsuite></testsuites>